C:\USERS\MARCO\DROPBOX\ESCUELA\2012 AGOSTO-DICIEMBRE\GRáFICAS\PROYECTOS\TAREA_6 - ISOSUPERFICIES\RELEASE\MAINISOSUPERFICIES.OBJ
C:\USERS\MARCO\DROPBOX\ESCUELA\2012 AGOSTO-DICIEMBRE\GRáFICAS\PROYECTOS\TAREA_6 - ISOSUPERFICIES\RELEASE\PUNTO.OBJ
C:\USERS\MARCO\DROPBOX\ESCUELA\2012 AGOSTO-DICIEMBRE\GRáFICAS\PROYECTOS\TAREA_6 - ISOSUPERFICIES\RELEASE\TAREA_6 - ISOSUPERFICIES.EXE
C:\USERS\MARCO\DROPBOX\ESCUELA\2012 AGOSTO-DICIEMBRE\GRáFICAS\PROYECTOS\TAREA_6 - ISOSUPERFICIES\RELEASE\TAREA_6 - ISOSUPERFICIES.EXE.INTERMEDIATE.MANIFEST
C:\USERS\MARCO\DROPBOX\ESCUELA\2012 AGOSTO-DICIEMBRE\GRÁFICAS\PROYECTOS\TAREA_6 - ISOSUPERFICIES\RELEASE\TAREA_6 - ISOSUPERFICIES.PDB
C:\USERS\MARCO\DROPBOX\ESCUELA\2012 AGOSTO-DICIEMBRE\GRÁFICAS\PROYECTOS\TAREA_6 - ISOSUPERFICIES\RELEASE\VC100.PDB
C:\Users\Marco\Dropbox\Escuela\2012 Agosto-Diciembre\Gráficas\Proyectos\Tarea_7 - Partículas_Tela\Release\cl.command.1.tlog
C:\Users\Marco\Dropbox\Escuela\2012 Agosto-Diciembre\Gráficas\Proyectos\Tarea_7 - Partículas_Tela\Release\CL.read.1.tlog
C:\Users\Marco\Dropbox\Escuela\2012 Agosto-Diciembre\Gráficas\Proyectos\Tarea_7 - Partículas_Tela\Release\CL.write.1.tlog
C:\Users\Marco\Dropbox\Escuela\2012 Agosto-Diciembre\Gráficas\Proyectos\Tarea_7 - Partículas_Tela\Release\link.command.1.tlog
C:\Users\Marco\Dropbox\Escuela\2012 Agosto-Diciembre\Gráficas\Proyectos\Tarea_7 - Partículas_Tela\Release\link.read.1.tlog
C:\Users\Marco\Dropbox\Escuela\2012 Agosto-Diciembre\Gráficas\Proyectos\Tarea_7 - Partículas_Tela\Release\link.write.1.tlog
C:\Users\Marco\Dropbox\Escuela\2012 Agosto-Diciembre\Gráficas\Proyectos\Tarea_7 - Partículas_Tela\Release\mainIsosuperficies.obj
C:\Users\Marco\Dropbox\Escuela\2012 Agosto-Diciembre\Gráficas\Proyectos\Tarea_7 - Partículas_Tela\Release\mt.command.1.tlog
C:\Users\Marco\Dropbox\Escuela\2012 Agosto-Diciembre\Gráficas\Proyectos\Tarea_7 - Partículas_Tela\Release\mt.read.1.tlog
C:\Users\Marco\Dropbox\Escuela\2012 Agosto-Diciembre\Gráficas\Proyectos\Tarea_7 - Partículas_Tela\Release\mt.write.1.tlog
C:\Users\Marco\Dropbox\Escuela\2012 Agosto-Diciembre\Gráficas\Proyectos\Tarea_7 - Partículas_Tela\Release\Punto.obj
C:\Users\Marco\Dropbox\Escuela\2012 Agosto-Diciembre\Gráficas\Proyectos\Tarea_7 - Partículas_Tela\Release\Tarea_6 - Isosuperficies.exe
C:\Users\Marco\Dropbox\Escuela\2012 Agosto-Diciembre\Gráficas\Proyectos\Tarea_7 - Partículas_Tela\Release\Tarea_6 - Isosuperficies.exe.intermediate.manifest
C:\Users\Marco\Dropbox\Escuela\2012 Agosto-Diciembre\Gráficas\Proyectos\Tarea_7 - Partículas_Tela\Release\Tarea_6 - Isosuperficies.pdb
C:\Users\Marco\Dropbox\Escuela\2012 Agosto-Diciembre\Gráficas\Proyectos\Tarea_7 - Partículas_Tela\Release\vc100.pdb
