Build started 05/11/2012 08:32:33 p.m..
     1>Project "C:\Users\Marco\Dropbox\Escuela\2012 Agosto-Diciembre\Gráficas\Proyectos\CodigosFuente_19_Texturas\PruebasTexturas\PruebasTexturas.vcxproj" on node 2 (build target(s)).
     1>InitializeBuildStatus:
         Creating "Debug\PruebasTexturas.unsuccessfulbuild" because "AlwaysCreate" was specified.
       ClCompile:
         c:\Program Files (x86)\Microsoft Visual Studio 10.0\VC\bin\CL.exe /c /ZI /nologo /W3 /WX- /Od /Oy- /D WIN32 /D _DEBUG /D _CONSOLE /D _UNICODE /D UNICODE /Gm /EHsc /RTC1 /MDd /GS /fp:precise /Zc:wchar_t /Zc:forScope /Fo"Debug\\" /Fd"Debug\vc100.pdb" /Gd /TP /analyze- /errorReport:prompt ..\mainTexturaAMano.cpp
         mainTexturaAMano.cpp
       ManifestResourceCompile:
         All outputs are up-to-date.
       Link:
         c:\Program Files (x86)\Microsoft Visual Studio 10.0\VC\bin\link.exe /ERRORREPORT:PROMPT /OUT:"C:\Users\Marco\Dropbox\Escuela\2012 Agosto-Diciembre\Gráficas\Proyectos\CodigosFuente_19_Texturas\PruebasTexturas\Debug\PruebasTexturas.exe" /INCREMENTAL /NOLOGO kernel32.lib user32.lib gdi32.lib winspool.lib comdlg32.lib advapi32.lib shell32.lib ole32.lib oleaut32.lib uuid.lib odbc32.lib odbccp32.lib /MANIFEST /ManifestFile:"Debug\PruebasTexturas.exe.intermediate.manifest" /MANIFESTUAC:"level='asInvoker' uiAccess='false'" /DEBUG /PDB:"C:\Users\Marco\Dropbox\Escuela\2012 Agosto-Diciembre\Gráficas\Proyectos\CodigosFuente_19_Texturas\PruebasTexturas\Debug\PruebasTexturas.pdb" /SUBSYSTEM:CONSOLE /TLBID:1 /DYNAMICBASE /NXCOMPAT /IMPLIB:"C:\Users\Marco\Dropbox\Escuela\2012 Agosto-Diciembre\Gráficas\Proyectos\CodigosFuente_19_Texturas\PruebasTexturas\Debug\PruebasTexturas.lib" /MACHINE:X86 Debug\PruebasTexturas.exe.embed.manifest.res
         Debug\mainTexturaAMano.obj
       Manifest:
         C:\Program Files (x86)\Microsoft SDKs\Windows\v7.0A\bin\mt.exe /nologo /verbose /out:"Debug\PruebasTexturas.exe.embed.manifest" /manifest Debug\PruebasTexturas.exe.intermediate.manifest
         All outputs are up-to-date.
       LinkEmbedManifest:
         All outputs are up-to-date.
         PruebasTexturas.vcxproj -> C:\Users\Marco\Dropbox\Escuela\2012 Agosto-Diciembre\Gráficas\Proyectos\CodigosFuente_19_Texturas\PruebasTexturas\Debug\PruebasTexturas.exe
       FinalizeBuildStatus:
         Deleting file "Debug\PruebasTexturas.unsuccessfulbuild".
         Touching "Debug\PruebasTexturas.lastbuildstate".
     1>Done Building Project "C:\Users\Marco\Dropbox\Escuela\2012 Agosto-Diciembre\Gráficas\Proyectos\CodigosFuente_19_Texturas\PruebasTexturas\PruebasTexturas.vcxproj" (build target(s)).

Build succeeded.

Time Elapsed 00:00:03.37
