Build started 15/10/2012 11:47:20 a.m..
     1>Project "C:\Users\Marco\Dropbox\Escuela\2012 Agosto-Diciembre\Gráficas\Proyectos\Tarea_6 - Isosuperficies\Tarea_6 - Isosuperficies.vcxproj" on node 2 (build target(s)).
     1>InitializeBuildStatus:
         Creating "Release\Tarea_6 - Isosuperficies.unsuccessfulbuild" because "AlwaysCreate" was specified.
       ClCompile:
         c:\Program Files (x86)\Microsoft Visual Studio 10.0\VC\bin\CL.exe /c /Zi /nologo /W3 /WX- /O2 /Oi /Oy- /GL /D WIN32 /D NDEBUG /D _CONSOLE /D _UNICODE /D UNICODE /Gm- /EHsc /MD /GS /Gy /fp:precise /Zc:wchar_t /Zc:forScope /Fo"Release\\" /Fd"Release\vc100.pdb" /Gd /TP /analyze- /errorReport:prompt Punto.cpp mainIsosuperficies.cpp
         Punto.cpp
         mainIsosuperficies.cpp
       Link:
         c:\Program Files (x86)\Microsoft Visual Studio 10.0\VC\bin\link.exe /ERRORREPORT:PROMPT /OUT:"C:\Users\Marco\Dropbox\Escuela\2012 Agosto-Diciembre\Gráficas\Proyectos\Tarea_6 - Isosuperficies\Release\Tarea_6 - Isosuperficies.exe" /INCREMENTAL:NO /NOLOGO kernel32.lib user32.lib gdi32.lib winspool.lib comdlg32.lib advapi32.lib shell32.lib ole32.lib oleaut32.lib uuid.lib odbc32.lib odbccp32.lib /MANIFEST /ManifestFile:"Release\Tarea_6 - Isosuperficies.exe.intermediate.manifest" /MANIFESTUAC:"level='asInvoker' uiAccess='false'" /DEBUG /PDB:"C:\Users\Marco\Dropbox\Escuela\2012 Agosto-Diciembre\Gráficas\Proyectos\Tarea_6 - Isosuperficies\Release\Tarea_6 - Isosuperficies.pdb" /SUBSYSTEM:CONSOLE /OPT:REF /OPT:ICF /LTCG /TLBID:1 /DYNAMICBASE /NXCOMPAT /IMPLIB:"C:\Users\Marco\Dropbox\Escuela\2012 Agosto-Diciembre\Gráficas\Proyectos\Tarea_6 - Isosuperficies\Release\Tarea_6 - Isosuperficies.lib" /MACHINE:X86 Release\mainIsosuperficies.obj
         Release\Punto.obj
         Generating code
         Finished generating code
         Tarea_6 - Isosuperficies.vcxproj -> C:\Users\Marco\Dropbox\Escuela\2012 Agosto-Diciembre\Gráficas\Proyectos\Tarea_6 - Isosuperficies\Release\Tarea_6 - Isosuperficies.exe
       Manifest:
         C:\Program Files (x86)\Microsoft SDKs\Windows\v7.0A\bin\mt.exe /nologo /verbose /outputresource:"C:\Users\Marco\Dropbox\Escuela\2012 Agosto-Diciembre\Gráficas\Proyectos\Tarea_6 - Isosuperficies\Release\Tarea_6 - Isosuperficies.exe;#1" /manifest "Release\Tarea_6 - Isosuperficies.exe.intermediate.manifest"
       FinalizeBuildStatus:
         Deleting file "Release\Tarea_6 - Isosuperficies.unsuccessfulbuild".
         Touching "Release\Tarea_6 - Isosuperficies.lastbuildstate".
     1>Done Building Project "C:\Users\Marco\Dropbox\Escuela\2012 Agosto-Diciembre\Gráficas\Proyectos\Tarea_6 - Isosuperficies\Tarea_6 - Isosuperficies.vcxproj" (build target(s)).

Build succeeded.

Time Elapsed 00:00:10.88
