C:\USERS\MARCO\DROPBOX\ESCUELA\2012 AGOSTO-DICIEMBRE\GRáFICAS\PROYECTOS\SIMULACIONAGUA\DEBUG\AGUA.OBJ
C:\Users\Marco\Dropbox\Escuela\2012 Agosto-Diciembre\Gráficas\Proyectos\SimulacionAgua\Debug\cl.command.1.tlog
C:\Users\Marco\Dropbox\Escuela\2012 Agosto-Diciembre\Gráficas\Proyectos\SimulacionAgua\Debug\CL.read.1.tlog
C:\Users\Marco\Dropbox\Escuela\2012 Agosto-Diciembre\Gráficas\Proyectos\SimulacionAgua\Debug\CL.write.1.tlog
C:\Users\Marco\Dropbox\Escuela\2012 Agosto-Diciembre\Gráficas\Proyectos\SimulacionAgua\Debug\link.6076.read.1.tlog
C:\Users\Marco\Dropbox\Escuela\2012 Agosto-Diciembre\Gráficas\Proyectos\SimulacionAgua\Debug\link.6076.write.1.tlog
C:\Users\Marco\Dropbox\Escuela\2012 Agosto-Diciembre\Gráficas\Proyectos\SimulacionAgua\Debug\link.6076-cvtres.read.1.tlog
C:\Users\Marco\Dropbox\Escuela\2012 Agosto-Diciembre\Gráficas\Proyectos\SimulacionAgua\Debug\link.6076-cvtres.write.1.tlog
C:\Users\Marco\Dropbox\Escuela\2012 Agosto-Diciembre\Gráficas\Proyectos\SimulacionAgua\Debug\link.command.1.tlog
C:\Users\Marco\Dropbox\Escuela\2012 Agosto-Diciembre\Gráficas\Proyectos\SimulacionAgua\Debug\link.read.1.tlog
C:\Users\Marco\Dropbox\Escuela\2012 Agosto-Diciembre\Gráficas\Proyectos\SimulacionAgua\Debug\link.write.1.tlog
C:\Users\Marco\Dropbox\Escuela\2012 Agosto-Diciembre\Gráficas\Proyectos\SimulacionAgua\Debug\link-cvtres.read.1.tlog
C:\Users\Marco\Dropbox\Escuela\2012 Agosto-Diciembre\Gráficas\Proyectos\SimulacionAgua\Debug\link-cvtres.write.1.tlog
C:\Users\Marco\Dropbox\Escuela\2012 Agosto-Diciembre\Gráficas\Proyectos\SimulacionAgua\Debug\mt.command.1.tlog
C:\Users\Marco\Dropbox\Escuela\2012 Agosto-Diciembre\Gráficas\Proyectos\SimulacionAgua\Debug\mt.read.1.tlog
C:\Users\Marco\Dropbox\Escuela\2012 Agosto-Diciembre\Gráficas\Proyectos\SimulacionAgua\Debug\mt.write.1.tlog
C:\Users\Marco\Dropbox\Escuela\2012 Agosto-Diciembre\Gráficas\Proyectos\SimulacionAgua\Debug\rc.command.1.tlog
C:\Users\Marco\Dropbox\Escuela\2012 Agosto-Diciembre\Gráficas\Proyectos\SimulacionAgua\Debug\rc.read.1.tlog
C:\Users\Marco\Dropbox\Escuela\2012 Agosto-Diciembre\Gráficas\Proyectos\SimulacionAgua\Debug\rc.write.1.tlog
C:\USERS\MARCO\DROPBOX\ESCUELA\2012 AGOSTO-DICIEMBRE\GRáFICAS\PROYECTOS\SIMULACIONAGUA\DEBUG\SIMULACIONAGUA.EXE
C:\USERS\MARCO\DROPBOX\ESCUELA\2012 AGOSTO-DICIEMBRE\GRáFICAS\PROYECTOS\SIMULACIONAGUA\DEBUG\SIMULACIONAGUA.EXE.EMBED.MANIFEST
C:\USERS\MARCO\DROPBOX\ESCUELA\2012 AGOSTO-DICIEMBRE\GRáFICAS\PROYECTOS\SIMULACIONAGUA\DEBUG\SIMULACIONAGUA.EXE.EMBED.MANIFEST.RES
C:\USERS\MARCO\DROPBOX\ESCUELA\2012 AGOSTO-DICIEMBRE\GRáFICAS\PROYECTOS\SIMULACIONAGUA\DEBUG\SIMULACIONAGUA.EXE.INTERMEDIATE.MANIFEST
C:\USERS\MARCO\DROPBOX\ESCUELA\2012 AGOSTO-DICIEMBRE\GRáFICAS\PROYECTOS\SIMULACIONAGUA\DEBUG\SIMULACIONAGUA.ILK
C:\USERS\MARCO\DROPBOX\ESCUELA\2012 AGOSTO-DICIEMBRE\GRÁFICAS\PROYECTOS\SIMULACIONAGUA\DEBUG\SIMULACIONAGUA.PDB
C:\Users\Marco\Dropbox\Escuela\2012 Agosto-Diciembre\Gráficas\Proyectos\SimulacionAgua\Debug\SimulacionAgua_manifest.rc
C:\Users\Marco\Dropbox\Escuela\2012 Agosto-Diciembre\Gráficas\Proyectos\SimulacionAgua\Debug\vc100.idb
C:\USERS\MARCO\DROPBOX\ESCUELA\2012 AGOSTO-DICIEMBRE\GRÁFICAS\PROYECTOS\SIMULACIONAGUA\DEBUG\VC100.PDB
