C:\Users\Marco\Dropbox\Escuela\2012 Agosto-Diciembre\Gráficas\Proyectos\PruebasShaders\Debug\cl.command.1.tlog
C:\Users\Marco\Dropbox\Escuela\2012 Agosto-Diciembre\Gráficas\Proyectos\PruebasShaders\Debug\CL.read.1.tlog
C:\Users\Marco\Dropbox\Escuela\2012 Agosto-Diciembre\Gráficas\Proyectos\PruebasShaders\Debug\CL.write.1.tlog
C:\Users\Marco\Dropbox\Escuela\2012 Agosto-Diciembre\Gráficas\Proyectos\PruebasShaders\Debug\link.8884.read.1.tlog
C:\Users\Marco\Dropbox\Escuela\2012 Agosto-Diciembre\Gráficas\Proyectos\PruebasShaders\Debug\link.8884.write.1.tlog
C:\Users\Marco\Dropbox\Escuela\2012 Agosto-Diciembre\Gráficas\Proyectos\PruebasShaders\Debug\link.8884-cvtres.read.1.tlog
C:\Users\Marco\Dropbox\Escuela\2012 Agosto-Diciembre\Gráficas\Proyectos\PruebasShaders\Debug\link.8884-cvtres.write.1.tlog
C:\Users\Marco\Dropbox\Escuela\2012 Agosto-Diciembre\Gráficas\Proyectos\PruebasShaders\Debug\link.9800.read.1.tlog
C:\Users\Marco\Dropbox\Escuela\2012 Agosto-Diciembre\Gráficas\Proyectos\PruebasShaders\Debug\link.9800.write.1.tlog
C:\Users\Marco\Dropbox\Escuela\2012 Agosto-Diciembre\Gráficas\Proyectos\PruebasShaders\Debug\link.9800-cvtres.read.1.tlog
C:\Users\Marco\Dropbox\Escuela\2012 Agosto-Diciembre\Gráficas\Proyectos\PruebasShaders\Debug\link.9800-cvtres.write.1.tlog
C:\Users\Marco\Dropbox\Escuela\2012 Agosto-Diciembre\Gráficas\Proyectos\PruebasShaders\Debug\link.command.1.tlog
C:\Users\Marco\Dropbox\Escuela\2012 Agosto-Diciembre\Gráficas\Proyectos\PruebasShaders\Debug\link.read.1.tlog
C:\Users\Marco\Dropbox\Escuela\2012 Agosto-Diciembre\Gráficas\Proyectos\PruebasShaders\Debug\link.write.1.tlog
C:\Users\Marco\Dropbox\Escuela\2012 Agosto-Diciembre\Gráficas\Proyectos\PruebasShaders\Debug\link-cvtres.read.1.tlog
C:\Users\Marco\Dropbox\Escuela\2012 Agosto-Diciembre\Gráficas\Proyectos\PruebasShaders\Debug\link-cvtres.write.1.tlog
C:\Users\Marco\Dropbox\Escuela\2012 Agosto-Diciembre\Gráficas\Proyectos\PruebasShaders\Debug\mt.command.1.tlog
C:\Users\Marco\Dropbox\Escuela\2012 Agosto-Diciembre\Gráficas\Proyectos\PruebasShaders\Debug\mt.read.1.tlog
C:\Users\Marco\Dropbox\Escuela\2012 Agosto-Diciembre\Gráficas\Proyectos\PruebasShaders\Debug\mt.write.1.tlog
C:\USERS\MARCO\DROPBOX\ESCUELA\2012 AGOSTO-DICIEMBRE\GRáFICAS\PROYECTOS\PRUEBASSHADERS\DEBUG\PRUEBASSHADERS.EXE.EMBED.MANIFEST
C:\USERS\MARCO\DROPBOX\ESCUELA\2012 AGOSTO-DICIEMBRE\GRáFICAS\PROYECTOS\PRUEBASSHADERS\DEBUG\PRUEBASSHADERS.EXE.EMBED.MANIFEST.RES
C:\Users\Marco\Dropbox\Escuela\2012 Agosto-Diciembre\Gráficas\Proyectos\PruebasShaders\Debug\PruebasShaders.exe.intermediate.manifest
C:\Users\Marco\Dropbox\Escuela\2012 Agosto-Diciembre\Gráficas\Proyectos\PruebasShaders\Debug\PruebasShaders.pdb
C:\Users\Marco\Dropbox\Escuela\2012 Agosto-Diciembre\Gráficas\Proyectos\PruebasShaders\Debug\PruebasShaders_manifest.rc
C:\Users\Marco\Dropbox\Escuela\2012 Agosto-Diciembre\Gráficas\Proyectos\PruebasShaders\Debug\rc.command.1.tlog
C:\Users\Marco\Dropbox\Escuela\2012 Agosto-Diciembre\Gráficas\Proyectos\PruebasShaders\Debug\rc.read.1.tlog
C:\Users\Marco\Dropbox\Escuela\2012 Agosto-Diciembre\Gráficas\Proyectos\PruebasShaders\Debug\rc.write.1.tlog
C:\USERS\MARCO\DROPBOX\ESCUELA\2012 AGOSTO-DICIEMBRE\GRáFICAS\PROYECTOS\PRUEBASSHADERS\DEBUG\SHADEREXAMPLE1.OBJ
C:\Users\Marco\Dropbox\Escuela\2012 Agosto-Diciembre\Gráficas\Proyectos\PruebasShaders\Debug\vc100.idb
C:\USERS\MARCO\DROPBOX\ESCUELA\2012 AGOSTO-DICIEMBRE\GRÁFICAS\PROYECTOS\PRUEBASSHADERS\DEBUG\VC100.PDB
