Build started 15/10/2012 08:38:19 p.m..
     1>Project "C:\Users\Marco\Dropbox\Escuela\2012 Agosto-Diciembre\Gráficas\Proyectos\Practica_Luces\Practica_Luces.vcxproj" on node 2 (build target(s)).
     1>InitializeBuildStatus:
         Creating "Debug\Practica_Luces.unsuccessfulbuild" because "AlwaysCreate" was specified.
       ClCompile:
         c:\Program Files (x86)\Microsoft Visual Studio 10.0\VC\bin\CL.exe /c /ZI /nologo /W3 /WX- /Od /Oy- /D WIN32 /D _DEBUG /D _CONSOLE /D _UNICODE /D UNICODE /Gm /EHsc /RTC1 /MDd /GS /fp:precise /Zc:wchar_t /Zc:forScope /Fo"Debug\\" /Fd"Debug\vc100.pdb" /Gd /TP /analyze- /errorReport:prompt ..\CodigosFuente_16_Iluminacion\figurasConLuces.cpp
         figurasConLuces.cpp
       ManifestResourceCompile:
         C:\Program Files (x86)\Microsoft SDKs\Windows\v7.0A\bin\rc.exe /nologo /fo"Debug\Practica_Luces.exe.embed.manifest.res" Debug\Practica_Luces_manifest.rc 
       Link:
         c:\Program Files (x86)\Microsoft Visual Studio 10.0\VC\bin\link.exe /ERRORREPORT:PROMPT /OUT:"C:\Users\Marco\Dropbox\Escuela\2012 Agosto-Diciembre\Gráficas\Proyectos\Practica_Luces\Debug\Practica_Luces.exe" /INCREMENTAL /NOLOGO kernel32.lib user32.lib gdi32.lib winspool.lib comdlg32.lib advapi32.lib shell32.lib ole32.lib oleaut32.lib uuid.lib odbc32.lib odbccp32.lib /MANIFEST /ManifestFile:"Debug\Practica_Luces.exe.intermediate.manifest" /MANIFESTUAC:"level='asInvoker' uiAccess='false'" /DEBUG /PDB:"C:\Users\Marco\Dropbox\Escuela\2012 Agosto-Diciembre\Gráficas\Proyectos\Practica_Luces\Debug\Practica_Luces.pdb" /SUBSYSTEM:CONSOLE /TLBID:1 /DYNAMICBASE /NXCOMPAT /IMPLIB:"C:\Users\Marco\Dropbox\Escuela\2012 Agosto-Diciembre\Gráficas\Proyectos\Practica_Luces\Debug\Practica_Luces.lib" /MACHINE:X86 Debug\Practica_Luces.exe.embed.manifest.res
         Debug\figurasConLuces.obj
       Manifest:
         C:\Program Files (x86)\Microsoft SDKs\Windows\v7.0A\bin\mt.exe /nologo /verbose /out:"Debug\Practica_Luces.exe.embed.manifest" /manifest Debug\Practica_Luces.exe.intermediate.manifest
         C:\Program Files (x86)\Microsoft SDKs\Windows\v7.0A\bin\rc.exe /nologo /fo"Debug\Practica_Luces.exe.embed.manifest.res" Debug\Practica_Luces_manifest.rc 
       LinkEmbedManifest:
         c:\Program Files (x86)\Microsoft Visual Studio 10.0\VC\bin\link.exe /ERRORREPORT:PROMPT /OUT:"C:\Users\Marco\Dropbox\Escuela\2012 Agosto-Diciembre\Gráficas\Proyectos\Practica_Luces\Debug\Practica_Luces.exe" /INCREMENTAL /NOLOGO kernel32.lib user32.lib gdi32.lib winspool.lib comdlg32.lib advapi32.lib shell32.lib ole32.lib oleaut32.lib uuid.lib odbc32.lib odbccp32.lib /MANIFEST /ManifestFile:"Debug\Practica_Luces.exe.intermediate.manifest" /MANIFESTUAC:"level='asInvoker' uiAccess='false'" /DEBUG /PDB:"C:\Users\Marco\Dropbox\Escuela\2012 Agosto-Diciembre\Gráficas\Proyectos\Practica_Luces\Debug\Practica_Luces.pdb" /SUBSYSTEM:CONSOLE /TLBID:1 /DYNAMICBASE /NXCOMPAT /IMPLIB:"C:\Users\Marco\Dropbox\Escuela\2012 Agosto-Diciembre\Gráficas\Proyectos\Practica_Luces\Debug\Practica_Luces.lib" /MACHINE:X86 Debug\Practica_Luces.exe.embed.manifest.res
         Debug\figurasConLuces.obj
         Practica_Luces.vcxproj -> C:\Users\Marco\Dropbox\Escuela\2012 Agosto-Diciembre\Gráficas\Proyectos\Practica_Luces\Debug\Practica_Luces.exe
       FinalizeBuildStatus:
         Deleting file "Debug\Practica_Luces.unsuccessfulbuild".
         Touching "Debug\Practica_Luces.lastbuildstate".
     1>Done Building Project "C:\Users\Marco\Dropbox\Escuela\2012 Agosto-Diciembre\Gráficas\Proyectos\Practica_Luces\Practica_Luces.vcxproj" (build target(s)).

Build succeeded.

Time Elapsed 00:00:03.17
